<?xml version="1.0" encoding="UTF-8"?>
<!-- Generated by org.testng.reporters.JUnitReportReporter -->
<testsuite hostname="ANT2W10BLR" name="p1.A" tests="1" failures="0" timestamp="7 Apr 2018 03:07:08 GMT" time="0.009" errors="0">
  <testcase name="TestCase2" time="0.009" classname="p1.A"/>
</testsuite> <!-- p1.A -->
