<?xml version="1.0" encoding="UTF-8"?>
<!-- Generated by org.testng.reporters.JUnitReportReporter -->
<testsuite hostname="ANT2W10BLR" name="p1.B" tests="1" failures="0" timestamp="7 Apr 2018 03:07:08 GMT" time="0.000" errors="0">
  <testcase name="TestCase1" time="0.000" classname="p1.B"/>
</testsuite> <!-- p1.B -->
